<?xml version="1.0" encoding="UTF-8"?>
<!-- Generated by org.testng.reporters.JUnitXMLReporter -->
<testsuite ignored="7" hostname="TL452" failures="0" tests="1" name="Test" time="3.445" errors="0" timestamp="2025-04-09T15:52:33 IST">
  <testcase classname="MTMAutomation.DispatchTest.MTMDispatchTest" name="@BeforeMethod setup" time="0.361">
    <failure type="org.openqa.selenium.WebDriverException" message="unknown error: net::ERR_NAME_NOT_RESOLVED
  (Session info: chrome=135.0.7049.42)
Build info: version: &amp;apos;4.29.0&amp;apos;, revision: &amp;apos;5fc1ec94cb&amp;apos;
System info: os.name: &amp;apos;Windows 11&amp;apos;, os.arch: &amp;apos;amd64&amp;apos;, os.version: &amp;apos;10.0&amp;apos;, java.version: &amp;apos;17.0.12&amp;apos;
Driver info: org.openqa.selenium.chrome.ChromeDriver
Command: [94c72b7dece33efb1ce39021a03f6932, get {url=https://dispatch-test.mtm-inc.net}]
Capabilities {acceptInsecureCerts: false, browserName: chrome, browserVersion: 135.0.7049.42, chrome: {chromedriverVersion: 135.0.7049.84 (6c019e560019..., userDataDir: C:\Users\PHANIN~1.B\AppData...}, fedcm:accounts: true, goog:chromeOptions: {debuggerAddress: localhost:51647}, networkConnectionEnabled: false, pageLoadStrategy: normal, platformName: windows, proxy: Proxy(), se:cdp: ws://localhost:51647/devtoo..., se:cdpVersion: 135.0.7049.42, setWindowRect: true, strictFileInteractability: false, timeouts: {implicit: 0, pageLoad: 300000, script: 30000}, unhandledPromptBehavior: dismiss and notify, webauthn:extension:credBlob: true, webauthn:extension:largeBlob: true, webauthn:extension:minPinLength: true, webauthn:extension:prf: true, webauthn:virtualAuthenticators: true}
Session ID: 94c72b7dece33efb1ce39021a03f6932">
      <![CDATA[org.openqa.selenium.WebDriverException: unknown error: net::ERR_NAME_NOT_RESOLVED
  (Session info: chrome=135.0.7049.42)
Build info: version: '4.29.0', revision: '5fc1ec94cb'
System info: os.name: 'Windows 11', os.arch: 'amd64', os.version: '10.0', java.version: '17.0.12'
Driver info: org.openqa.selenium.chrome.ChromeDriver
Command: [94c72b7dece33efb1ce39021a03f6932, get {url=https://dispatch-test.mtm-inc.net}]
Capabilities {acceptInsecureCerts: false, browserName: chrome, browserVersion: 135.0.7049.42, chrome: {chromedriverVersion: 135.0.7049.84 (6c019e560019..., userDataDir: C:\Users\PHANIN~1.B\AppData...}, fedcm:accounts: true, goog:chromeOptions: {debuggerAddress: localhost:51647}, networkConnectionEnabled: false, pageLoadStrategy: normal, platformName: windows, proxy: Proxy(), se:cdp: ws://localhost:51647/devtoo..., se:cdpVersion: 135.0.7049.42, setWindowRect: true, strictFileInteractability: false, timeouts: {implicit: 0, pageLoad: 300000, script: 30000}, unhandledPromptBehavior: dismiss and notify, webauthn:extension:credBlob: true, webauthn:extension:largeBlob: true, webauthn:extension:minPinLength: true, webauthn:extension:prf: true, webauthn:virtualAuthenticators: true}
Session ID: 94c72b7dece33efb1ce39021a03f6932
at org.openqa.selenium.remote.ErrorCodec.decode(ErrorCodec.java:167)
at org.openqa.selenium.remote.codec.w3c.W3CHttpResponseCodec.decode(W3CHttpResponseCodec.java:138)
at org.openqa.selenium.remote.codec.w3c.W3CHttpResponseCodec.decode(W3CHttpResponseCodec.java:50)
at org.openqa.selenium.remote.HttpCommandExecutor.execute(HttpCommandExecutor.java:215)
at org.openqa.selenium.remote.service.DriverCommandExecutor.invokeExecute(DriverCommandExecutor.java:216)
at org.openqa.selenium.remote.service.DriverCommandExecutor.execute(DriverCommandExecutor.java:174)
at org.openqa.selenium.remote.RemoteWebDriver.execute(RemoteWebDriver.java:545)
at org.openqa.selenium.remote.RemoteWebDriver.get(RemoteWebDriver.java:313)
at org.openqa.selenium.remote.RemoteWebDriver$RemoteNavigation.to(RemoteWebDriver.java:1090)
at MTMAutomation.DispatchTest.MTMDispatchTest.setup(MTMDispatchTest.java:46)
at java.base/java.util.ArrayList.forEach(ArrayList.java:1511)
... Removed 36 stack frames]]>
    </failure>
  </testcase> <!-- @BeforeMethod setup -->
  <testcase classname="MTMAutomation.DispatchTest.MTMDispatchTest" name="toVerifyTimeFrameFilter" time="0.0">
    <skipped/>
  </testcase> <!-- toVerifyTimeFrameFilter -->
  <testcase classname="MTMAutomation.DispatchTest.MTMDispatchTest" name="verifyStatusFilter" time="0.0">
    <ignored/>
  </testcase> <!-- verifyStatusFilter -->
  <testcase classname="MTMAutomation.DispatchTest.MTMDispatchTest" name="ClearAllButtonFunctionality" time="0.0">
    <ignored/>
  </testcase> <!-- ClearAllButtonFunctionality -->
  <testcase classname="MTMAutomation.DispatchTest.MTMDispatchTest" name="verifyTripReasonsFilter" time="0.0">
    <ignored/>
  </testcase> <!-- verifyTripReasonsFilter -->
  <testcase classname="MTMAutomation.DispatchTest.MTMDispatchTest" name="searchInAllColumnsFilter" time="0.0">
    <ignored/>
  </testcase> <!-- searchInAllColumnsFilter -->
  <testcase classname="MTMAutomation.DispatchTest.MTMDispatchTest" name="verifyTabsOnHomePage" time="0.0">
    <ignored/>
  </testcase> <!-- verifyTabsOnHomePage -->
  <testcase classname="MTMAutomation.DispatchTest.MTMDispatchTest" name="verifyAllColumnsVisible" time="0.0">
    <ignored/>
  </testcase> <!-- verifyAllColumnsVisible -->
  <testcase classname="MTMAutomation.DispatchTest.MTMDispatchTest" name="navigationBetweenTabs" time="0.0">
    <ignored/>
  </testcase> <!-- navigationBetweenTabs -->
</testsuite> <!-- Test -->
